0 info it worked if it ends with ok
1 verbose cli [ 'C:\\Program Files\\nodejs\\node.exe',
1 verbose cli   'C:\\Users\\magnusferm\\AppData\\Roaming\\npm\\node_modules\\npm\\bin\\npm-cli.js',
1 verbose cli   'run',
1 verbose cli   'win-test' ]
2 info using npm@4.0.5
3 info using node@v6.5.0
4 verbose run-script [ 'prewin-test', 'win-test', 'postwin-test' ]
5 info lifecycle react-tape-wiggle@1.0.0~prewin-test: react-tape-wiggle@1.0.0
6 silly lifecycle react-tape-wiggle@1.0.0~prewin-test: no script for prewin-test, continuing
7 info lifecycle react-tape-wiggle@1.0.0~win-test: react-tape-wiggle@1.0.0
8 verbose lifecycle react-tape-wiggle@1.0.0~win-test: unsafe-perm in lifecycle true
9 verbose lifecycle react-tape-wiggle@1.0.0~win-test: PATH: C:\Users\magnusferm\AppData\Roaming\npm\node_modules\npm\bin\node-gyp-bin;C:\Projects\Client\Axis\react-tape-wiggle\node_modules\.bin;C:\Program Files\ConEmu;C:\Program Files\ConEmu\ConEmu;C:\ProgramData\Oracle\Java\javapath;C:\Program Files (x86)\Python35-32\Scripts\;C:\Program Files (x86)\Python35-32\;C:\Program Files (x86)\NVIDIA Corporation\PhysX\Common;C:\Windows\system32;C:\Windows;C:\Windows\System32\Wbem;C:\Windows\System32\WindowsPowerShell\v1.0\;C:\Program Files (x86)\GitExtensions\;C:\Program Files (x86)\Windows Kits\8.1\Windows Performance Toolkit\;C:\Program Files\Microsoft SQL Server\110\Tools\Binn\;C:\Program Files (x86)\Microsoft SDKs\TypeScript\1.0\;C:\Program Files\Microsoft SQL Server\120\Tools\Binn\;C:\Program Files\Microsoft SQL Server\Client SDK\ODBC\110\Tools\Binn\;C:\Program Files (x86)\Microsoft SQL Server\120\Tools\Binn\ManagementStudio\;C:\Program Files (x86)\Microsoft SQL Server\120\Tools\Binn\;C:\Program Files (x86)\Microsoft SQL Server\120\DTS\Binn\;C:\Program Files\Microsoft SQL Server\120\DTS\Binn\;C:\Program Files\Microsoft\Web Platform Installer\;C:\Program Files\Java\jdk1.7.0_79\bin;C:\Program Files (x86)\Skype\Phone\;C:\Program Files\nodejs\;C:\Go\bin;C:\Program Files\Microsoft SQL Server\130\Tools\Binn\;C:\Program Files\dotnet\;C:\tizen-studio\tools\ide\bin;C:\ProgramData\chocolatey\bin;C:\Ruby200-x64\bin;C:\Users\magnusferm\appdata\local\scoop\shims;C:\Program Files (x86)\Microsoft VS Code\bin; C:\Program Files\Java\jdk1.7.0_79\bin;C:\Users\magnusferm\AppData\Local\Android\sdk\platform-tools;C:\Program Files (x86)\Git\bin;C:\ProgrammingLibraries\Java\apache-ant-1.9.6\bin;C:\ant\bin;C:\Users\magnusferm\AppData\Local\Android\sdk1\tools;C:\Users\magnusferm\AppData\Roaming\npm
10 verbose lifecycle react-tape-wiggle@1.0.0~win-test: CWD: C:\Projects\Client\Axis\react-tape-wiggle
11 silly lifecycle react-tape-wiggle@1.0.0~win-test: Args: [ '/d /s /c',
11 silly lifecycle   'tape -r babel-register \'src/**/*-test.js\' | tap-spec' ]
12 silly lifecycle react-tape-wiggle@1.0.0~win-test: Returned: code: 1  signal: null
13 info lifecycle react-tape-wiggle@1.0.0~win-test: Failed to exec win-test script
14 verbose stack Error: react-tape-wiggle@1.0.0 win-test: `tape -r babel-register 'src/**/*-test.js' | tap-spec`
14 verbose stack Exit status 1
14 verbose stack     at EventEmitter.<anonymous> (C:\Users\magnusferm\AppData\Roaming\npm\node_modules\npm\lib\utils\lifecycle.js:279:16)
14 verbose stack     at emitTwo (events.js:106:13)
14 verbose stack     at EventEmitter.emit (events.js:191:7)
14 verbose stack     at ChildProcess.<anonymous> (C:\Users\magnusferm\AppData\Roaming\npm\node_modules\npm\lib\utils\spawn.js:40:14)
14 verbose stack     at emitTwo (events.js:106:13)
14 verbose stack     at ChildProcess.emit (events.js:191:7)
14 verbose stack     at maybeClose (internal/child_process.js:877:16)
14 verbose stack     at Process.ChildProcess._handle.onexit (internal/child_process.js:226:5)
15 verbose pkgid react-tape-wiggle@1.0.0
16 verbose cwd C:\Projects\Client\Axis\react-tape-wiggle
17 error Windows_NT 6.3.9600
18 error argv "C:\\Program Files\\nodejs\\node.exe" "C:\\Users\\magnusferm\\AppData\\Roaming\\npm\\node_modules\\npm\\bin\\npm-cli.js" "run" "win-test"
19 error node v6.5.0
20 error npm  v4.0.5
21 error code ELIFECYCLE
22 error react-tape-wiggle@1.0.0 win-test: `tape -r babel-register 'src/**/*-test.js' | tap-spec`
22 error Exit status 1
23 error Failed at the react-tape-wiggle@1.0.0 win-test script 'tape -r babel-register 'src/**/*-test.js' | tap-spec'.
23 error Make sure you have the latest version of node.js and npm installed.
23 error If you do, this is most likely a problem with the react-tape-wiggle package,
23 error not with npm itself.
23 error Tell the author that this fails on your system:
23 error     tape -r babel-register 'src/**/*-test.js' | tap-spec
23 error You can get information on how to open an issue for this project with:
23 error     npm bugs react-tape-wiggle
23 error Or if that isn't available, you can get their info via:
23 error     npm owner ls react-tape-wiggle
23 error There is likely additional logging output above.
24 verbose exit [ 1, true ]
